Extracting PID.5.1 for mapping to patientName
  Found segment: ["PID","1","","AH1234567^^^^MR^RLC~123 456 7891^^^NHS^NH^RLC~^^^^PI^RLC~","","Surname^First Name^^^^^L","","20250101","F","","","TigersHospital^^Auchtenlectalbert^^5AB 2JF^^P","","07777777777~","","","","","V00007605635","123 456 7891","","","","","","","","","","","","","","","","","","","",""]
    Field index 5 + offset 0: "Surname^First Name^^^^^L"
    Component index 1: "Surname"
  Final value: "Surname"
Extracting PID.8 for mapping to patientGender
  Found segment: ["PID","1","","AH1234567^^^^MR^RLC~123 456 7891^^^NHS^NH^RLC~^^^^PI^RLC~","","Surname^First Name^^^^^L","","20250101","F","","","TigersHospital^^Auchtenlectalbert^^5AB 2JF^^P","","07777777777~","","","","","V00007605635","123 456 7891","","","","","","","","","","","","","","","","","","","",""]
    Field index 8 + offset 0: "F"
  Final value: "F"
Extracting SCH.7 for mapping to appointmentTime
  Segment SCH not found.
  Final value: ""
Extracting SCH.25 for mapping to appointmentStatus
  Segment SCH not found.
  Final value: ""
Extracting PID.13 for mapping to patientEmail
  Found segment: ["PID","1","","AH1234567^^^^MR^RLC~123 456 7891^^^NHS^NH^RLC~^^^^PI^RLC~","","Surname^First Name^^^^^L","","20250101","F","","","TigersHospital^^Auchtenlectalbert^^5AB 2JF^^P","","07777777777~","","","","","V00007605635","123 456 7891","","","","","","","","","","","","","","","","","","","",""]
    Field index 13 + offset 0: "07777777777~"
  Final value: "07777777777~"
Extracting ZLY.1 for mapping to patientLyrebirdConsent
  Segment ZLY not found.
  Final value: ""
Extracting ZLY.2 for mapping to sendPatientLetter
  Segment ZLY not found.
  Final value: ""
Extracting NTE.3 for mapping to notepad
  Segment NTE not found.
  Final value: ""
Extracting PID.3.1.1 for mapping to emrRecordId
  Found segment: ["PID","1","","AH1234567^^^^MR^RLC~123 456 7891^^^NHS^NH^RLC~^^^^PI^RLC~","","Surname^First Name^^^^^L","","20250101","F","","","TigersHospital^^Auchtenlectalbert^^5AB 2JF^^P","","07777777777~","","","","","V00007605635","123 456 7891","","","","","","","","","","","","","","","","","","","",""]
    Field index 3 + offset 0: "AH1234567^^^^MR^RLC~123 456 7891^^^NHS^NH^RLC~^^^^PI^RLC~"
    Repetition index 1: "AH1234567^^^^MR^RLC"
    Subcomponent index 1: "AH1234567"
  Final value: "AH1234567"
Extracting SCH.1 for mapping to upcomingOrder
  Segment SCH not found.
  Final value: ""
Extracting SCH.1 for mapping to userId
  Segment SCH not found.
  Final value: ""
Extracting PID.5.1 for mapping to patientName
  Found segment: ["PID","1","","AH1234567^^^^MR^RLC~123 456 7891^^^NHS^NH^RLC~^^^^PI^RLC~","","Surname^First Name^^^^^L","","20250101","F","","","TigersHospital^^Auchtenlectalbert^^5AB 2JF^^P","","07777777777~","","","","","V00007605635","123 456 7891","","","","","","","","","","","","","","","","","","","",""]
    Field index 5 + offset 0: "Surname^First Name^^^^^L"
    Component index 1: "Surname"
  Final value: "Surname"
Extracting PID.8 for mapping to patientGender
  Found segment: ["PID","1","","AH1234567^^^^MR^RLC~123 456 7891^^^NHS^NH^RLC~^^^^PI^RLC~","","Surname^First Name^^^^^L","","20250101","F","","","TigersHospital^^Auchtenlectalbert^^5AB 2JF^^P","","07777777777~","","","","","V00007605635","123 456 7891","","","","","","","","","","","","","","","","","","","",""]
    Field index 8 + offset 0: "F"
  Final value: "F"
Extracting SCH.7 for mapping to appointmentTime
  Segment SCH not found.
  Final value: ""
Extracting SCH.25 for mapping to appointmentStatus
  Segment SCH not found.
  Final value: ""
Extracting PID.13 for mapping to patientEmail
  Found segment: ["PID","1","","AH1234567^^^^MR^RLC~123 456 7891^^^NHS^NH^RLC~^^^^PI^RLC~","","Surname^First Name^^^^^L","","20250101","F","","","TigersHospital^^Auchtenlectalbert^^5AB 2JF^^P","","07777777777~","","","","","V00007605635","123 456 7891","","","","","","","","","","","","","","","","","","","",""]
    Field index 13 + offset 0: "07777777777~"
  Final value: "07777777777~"
Extracting ZLY.1 for mapping to patientLyrebirdConsent
  Segment ZLY not found.
  Final value: ""
Extracting ZLY.2 for mapping to sendPatientLetter
  Segment ZLY not found.
  Final value: ""
Extracting NTE.3 for mapping to notepad
  Segment NTE not found.
  Final value: ""
Extracting PID.3.1.1 for mapping to emrRecordId
  Found segment: ["PID","1","","AH1234567^^^^MR^RLC~123 456 7891^^^NHS^NH^RLC~^^^^PI^RLC~","","Surname^First Name^^^^^L","","20250101","F","","","TigersHospital^^Auchtenlectalbert^^5AB 2JF^^P","","07777777777~","","","","","V00007605635","123 456 7891","","","","","","","","","","","","","","","","","","","",""]
    Field index 3 + offset 0: "AH1234567^^^^MR^RLC~123 456 7891^^^NHS^NH^RLC~^^^^PI^RLC~"
    Repetition index 1: "AH1234567^^^^MR^RLC"
    Subcomponent index 1: "AH1234567"
  Final value: "AH1234567"
Extracting SCH.1 for mapping to upcomingOrder
  Segment SCH not found.
  Final value: ""
Extracting SCH.1 for mapping to userId
  Segment SCH not found.
  Final value: ""
Extracting PID.5.1 for mapping to patientName
  Found segment: ["PID","1","","AH1234567^^^^MR^RLC~123 456 7891^^^NHS^NH^RLC~^^^^PI^RLC~","","Surname^First Name^^^^^L","","20250101","F","","","TigersHospital^^Auchtenlectalbert^^5AB 2JF^^P","","07777777777~","","","","","V00007605635","123 456 7891","","","","","","","","","","","","","","","","","","","",""]
    Field index 5 + offset 0: "Surname^First Name^^^^^L"
    Component index 1: "Surname"
  Final value: "Surname"
Extracting PID.8 for mapping to patientGender
  Found segment: ["PID","1","","AH1234567^^^^MR^RLC~123 456 7891^^^NHS^NH^RLC~^^^^PI^RLC~","","Surname^First Name^^^^^L","","20250101","F","","","TigersHospital^^Auchtenlectalbert^^5AB 2JF^^P","","07777777777~","","","","","V00007605635","123 456 7891","","","","","","","","","","","","","","","","","","","",""]
    Field index 8 + offset 0: "F"
  Final value: "F"
Extracting SCH.7 for mapping to appointmentTime
  Segment SCH not found.
  Final value: ""
Extracting SCH.25 for mapping to appointmentStatus
  Segment SCH not found.
  Final value: ""
Extracting PID.13 for mapping to patientEmail
  Found segment: ["PID","1","","AH1234567^^^^MR^RLC~123 456 7891^^^NHS^NH^RLC~^^^^PI^RLC~","","Surname^First Name^^^^^L","","20250101","F","","","TigersHospital^^Auchtenlectalbert^^5AB 2JF^^P","","07777777777~","","","","","V00007605635","123 456 7891","","","","","","","","","","","","","","","","","","","",""]
    Field index 13 + offset 0: "07777777777~"
  Final value: "07777777777~"
Extracting ZLY.1 for mapping to patientLyrebirdConsent
  Segment ZLY not found.
  Final value: ""
Extracting ZLY.2 for mapping to sendPatientLetter
  Segment ZLY not found.
  Final value: ""
Extracting NTE.3 for mapping to notepad
  Segment NTE not found.
  Final value: ""
Extracting PID.3.1.1 for mapping to emrRecordId
  Found segment: ["PID","1","","AH1234567^^^^MR^RLC~123 456 7891^^^NHS^NH^RLC~^^^^PI^RLC~","","Surname^First Name^^^^^L","","20250101","F","","","TigersHospital^^Auchtenlectalbert^^5AB 2JF^^P","","07777777777~","","","","","V00007605635","123 456 7891","","","","","","","","","","","","","","","","","","","",""]
    Field index 3 + offset 0: "AH1234567^^^^MR^RLC~123 456 7891^^^NHS^NH^RLC~^^^^PI^RLC~"
    Repetition index 1: "AH1234567^^^^MR^RLC"
    Subcomponent index 1: "AH1234567"
  Final value: "AH1234567"
Extracting SCH.1 for mapping to upcomingOrder
  Segment SCH not found.
  Final value: ""
Extracting SCH.1 for mapping to userId
  Segment SCH not found.
  Final value: ""
Extracting PID.5.1 for mapping to patientName
  Found segment: ["PID","1","","AH1234567^^^^MR^RLC~123 456 7891^^^NHS^NH^RLC~^^^^PI^RLC~","","Surname^First Name^^^^^L","","20250101","F","","","TigersHospital^^Auchtenlectalbert^^5AB 2JF^^P","","07777777777~","","","","","V00007605635","123 456 7891","","","","","","","","","","","","","","","","","","","",""]
    Field index 5 + offset 0: "Surname^First Name^^^^^L"
    Component index 1: "Surname"
  Final value: "Surname"
Extracting PID.8 for mapping to patientGender
  Found segment: ["PID","1","","AH1234567^^^^MR^RLC~123 456 7891^^^NHS^NH^RLC~^^^^PI^RLC~","","Surname^First Name^^^^^L","","20250101","F","","","TigersHospital^^Auchtenlectalbert^^5AB 2JF^^P","","07777777777~","","","","","V00007605635","123 456 7891","","","","","","","","","","","","","","","","","","","",""]
    Field index 8 + offset 0: "F"
  Final value: "F"
Extracting SCH.7 for mapping to appointmentTime
  Segment SCH not found.
  Final value: ""
Extracting SCH.25 for mapping to appointmentStatus
  Segment SCH not found.
  Final value: ""
Extracting PID.13 for mapping to patientEmail
  Found segment: ["PID","1","","AH1234567^^^^MR^RLC~123 456 7891^^^NHS^NH^RLC~^^^^PI^RLC~","","Surname^First Name^^^^^L","","20250101","F","","","TigersHospital^^Auchtenlectalbert^^5AB 2JF^^P","","07777777777~","","","","","V00007605635","123 456 7891","","","","","","","","","","","","","","","","","","","",""]
    Field index 13 + offset 0: "07777777777~"
  Final value: "07777777777~"
Extracting ZLY.1 for mapping to patientLyrebirdConsent
  Segment ZLY not found.
  Final value: ""
Extracting ZLY.2 for mapping to sendPatientLetter
  Segment ZLY not found.
  Final value: ""
Extracting NTE.3 for mapping to notepad
  Segment NTE not found.
  Final value: ""
Extracting PID.3.1.1 for mapping to emrRecordId
  Found segment: ["PID","1","","AH1234567^^^^MR^RLC~123 456 7891^^^NHS^NH^RLC~^^^^PI^RLC~","","Surname^First Name^^^^^L","","20250101","F","","","TigersHospital^^Auchtenlectalbert^^5AB 2JF^^P","","07777777777~","","","","","V00007605635","123 456 7891","","","","","","","","","","","","","","","","","","","",""]
    Field index 3 + offset 0: "AH1234567^^^^MR^RLC~123 456 7891^^^NHS^NH^RLC~^^^^PI^RLC~"
    Repetition index 1: "AH1234567^^^^MR^RLC"
    Subcomponent index 1: "AH1234567"
  Final value: "AH1234567"
Extracting SCH.1 for mapping to upcomingOrder
  Segment SCH not found.
  Final value: ""
Extracting SCH.1 for mapping to userId
  Segment SCH not found.
  Final value: ""
Extracting PV1.7.1 for mapping to PV1.7.1
  Found segment: ["PV1","1","P","1.2 ENT","","F","","GKHONG^Khong^^Grace","","ENTFELLOW3","ENT","","","","","","","","CLI","","","","ENTFELLOW3","","","","","","","","","","","","","","","","","RLC","","PRE","","","","","","","","","","","",""]
    Field index 7 + offset 0: "GKHONG^Khong^^Grace"
    Component index 1: "GKHONG"
  Final value: "GKHONG"
Extracting PV1.7.2 for mapping to PV1.7.2
  Found segment: ["PV1","1","P","1.2 ENT","","F","","GKHONG^Khong^^Grace","","ENTFELLOW3","ENT","","","","","","","","CLI","","","","ENTFELLOW3","","","","","","","","","","","","","","","","","RLC","","PRE","","","","","","","","","","","",""]
    Field index 7 + offset 0: "GKHONG^Khong^^Grace"
    Component index 2: "Khong"
  Final value: "Khong"
Extracting PRD.2.2 for mapping to firstName
  Segment PRD not found.
  Final value: ""
Extracting PRD.2.3 for mapping to lastName
  Segment PRD not found.
  Final value: ""
Extracting PID.5.1 for mapping to patientName
  Found segment: ["PID","1","","AH1234567^^^^MR^RLC~123 456 7891^^^NHS^NH^RLC~^^^^PI^RLC~","","Surname^First Name^^^^^L","","20250101","F","","","TigersHospital^^Auchtenlectalbert^^5AB 2JF^^P","","07777777777~","","","","","V00007605635","123 456 7891","","","","","","","","","","","","","","","","","","","",""]
    Field index 5 + offset 0: "Surname^First Name^^^^^L"
    Component index 1: "Surname"
  Final value: "Surname"
Extracting PID.8 for mapping to patientGender
  Found segment: ["PID","1","","AH1234567^^^^MR^RLC~123 456 7891^^^NHS^NH^RLC~^^^^PI^RLC~","","Surname^First Name^^^^^L","","20250101","F","","","TigersHospital^^Auchtenlectalbert^^5AB 2JF^^P","","07777777777~","","","","","V00007605635","123 456 7891","","","","","","","","","","","","","","","","","","","",""]
    Field index 8 + offset 0: "F"
  Final value: "F"
Extracting SCH.7 for mapping to appointmentTime
  Segment SCH not found.
  Final value: ""
Extracting SCH.25 for mapping to appointmentStatus
  Segment SCH not found.
  Final value: ""
Extracting PID.13 for mapping to patientEmail
  Found segment: ["PID","1","","AH1234567^^^^MR^RLC~123 456 7891^^^NHS^NH^RLC~^^^^PI^RLC~","","Surname^First Name^^^^^L","","20250101","F","","","TigersHospital^^Auchtenlectalbert^^5AB 2JF^^P","","07777777777~","","","","","V00007605635","123 456 7891","","","","","","","","","","","","","","","","","","","",""]
    Field index 13 + offset 0: "07777777777~"
  Final value: "07777777777~"
Extracting ZLY.1 for mapping to patientLyrebirdConsent
  Segment ZLY not found.
  Final value: ""
Extracting ZLY.2 for mapping to sendPatientLetter
  Segment ZLY not found.
  Final value: ""
Extracting NTE.3 for mapping to notepad
  Segment NTE not found.
  Final value: ""
Extracting PID.3.1.1 for mapping to emrRecordId
  Found segment: ["PID","1","","AH1234567^^^^MR^RLC~123 456 7891^^^NHS^NH^RLC~^^^^PI^RLC~","","Surname^First Name^^^^^L","","20250101","F","","","TigersHospital^^Auchtenlectalbert^^5AB 2JF^^P","","07777777777~","","","","","V00007605635","123 456 7891","","","","","","","","","","","","","","","","","","","",""]
    Field index 3 + offset 0: "AH1234567^^^^MR^RLC~123 456 7891^^^NHS^NH^RLC~^^^^PI^RLC~"
    Repetition index 1: "AH1234567^^^^MR^RLC"
    Subcomponent index 1: "AH1234567"
  Final value: "AH1234567"
Extracting SCH.1 for mapping to upcomingOrder
  Segment SCH not found.
  Final value: ""
Extracting SCH.1 for mapping to userId
  Segment SCH not found.
  Final value: ""
Extracting PV1.7.1 for mapping to PV1.7.1
  Found segment: ["PV1","1","P","1.2 ENT","","F","","GKHONG^Khong^^Grace","","ENTFELLOW3","ENT","","","","","","","","CLI","","","","ENTFELLOW3","","","","","","","","","","","","","","","","","RLC","","PRE","","","","","","","","","","","",""]
    Field index 7 + offset 0: "GKHONG^Khong^^Grace"
    Component index 1: "GKHONG"
  Final value: "GKHONG"
Extracting PV1.7.2 for mapping to PV1.7.2
  Found segment: ["PV1","1","P","1.2 ENT","","F","","GKHONG^Khong^^Grace","","ENTFELLOW3","ENT","","","","","","","","CLI","","","","ENTFELLOW3","","","","","","","","","","","","","","","","","RLC","","PRE","","","","","","","","","","","",""]
    Field index 7 + offset 0: "GKHONG^Khong^^Grace"
    Component index 2: "Khong"
  Final value: "Khong"
Extracting PRD.2.2 for mapping to firstName
  Segment PRD not found.
  Final value: ""
Extracting PRD.2.3 for mapping to lastName
  Segment PRD not found.
  Final value: ""
Extracting PID.5.1 for mapping to patientName
  Found segment: ["PID","1","","AH1234567^^^^MR^RLC~123 456 7891^^^NHS^NH^RLC~^^^^PI^RLC~","","Surname^First Name^^^^^L","","20250101","F","","","TigersHospital^^Auchtenlectalbert^^5AB 2JF^^P","","07777777777~","","","","","V00007605635","123 456 7891","","","","","","","","","","","","","","","","","","","",""]
    Field index 5 + offset 0: "Surname^First Name^^^^^L"
    Component index 1: "Surname"
  Final value: "Surname"
Extracting PID.8 for mapping to patientGender
  Found segment: ["PID","1","","AH1234567^^^^MR^RLC~123 456 7891^^^NHS^NH^RLC~^^^^PI^RLC~","","Surname^First Name^^^^^L","","20250101","F","","","TigersHospital^^Auchtenlectalbert^^5AB 2JF^^P","","07777777777~","","","","","V00007605635","123 456 7891","","","","","","","","","","","","","","","","","","","",""]
    Field index 8 + offset 0: "F"
  Final value: "F"
Extracting SCH.7 for mapping to appointmentTime
  Segment SCH not found.
  Final value: ""
Extracting SCH.25 for mapping to appointmentStatus
  Segment SCH not found.
  Final value: ""
Extracting PID.13 for mapping to patientEmail
  Found segment: ["PID","1","","AH1234567^^^^MR^RLC~123 456 7891^^^NHS^NH^RLC~^^^^PI^RLC~","","Surname^First Name^^^^^L","","20250101","F","","","TigersHospital^^Auchtenlectalbert^^5AB 2JF^^P","","07777777777~","","","","","V00007605635","123 456 7891","","","","","","","","","","","","","","","","","","","",""]
    Field index 13 + offset 0: "07777777777~"
  Final value: "07777777777~"
Extracting ZLY.1 for mapping to patientLyrebirdConsent
  Segment ZLY not found.
  Final value: ""
Extracting ZLY.2 for mapping to sendPatientLetter
  Segment ZLY not found.
  Final value: ""
Extracting NTE.3 for mapping to notepad
  Segment NTE not found.
  Final value: ""
Extracting PID.3.1.1 for mapping to emrRecordId
  Found segment: ["PID","1","","AH1234567^^^^MR^RLC~123 456 7891^^^NHS^NH^RLC~^^^^PI^RLC~","","Surname^First Name^^^^^L","","20250101","F","","","TigersHospital^^Auchtenlectalbert^^5AB 2JF^^P","","07777777777~","","","","","V00007605635","123 456 7891","","","","","","","","","","","","","","","","","","","",""]
    Field index 3 + offset 0: "AH1234567^^^^MR^RLC~123 456 7891^^^NHS^NH^RLC~^^^^PI^RLC~"
    Repetition index 1: "AH1234567^^^^MR^RLC"
    Subcomponent index 1: "AH1234567"
  Final value: "AH1234567"
Extracting SCH.1 for mapping to upcomingOrder
  Segment SCH not found.
  Final value: ""
Extracting SCH.1 for mapping to userId
  Segment SCH not found.
  Final value: ""
Extracting PV1.7.1 for mapping to PV1.7.1
  Found segment: ["PV1","1","P","1.2 ENT","","F","","GKHONG^Khong^^Grace","","ENTFELLOW3","ENT","","","","","","","","CLI","","","","ENTFELLOW3","","","","","","","","","","","","","","","","","RLC","","PRE","","","","","","","","","","","",""]
    Field index 7 + offset 0: "GKHONG^Khong^^Grace"
    Component index 1: "GKHONG"
  Final value: "GKHONG"
Extracting PV1.7.2 for mapping to PV1.7.2
  Found segment: ["PV1","1","P","1.2 ENT","","F","","GKHONG^Khong^^Grace","","ENTFELLOW3","ENT","","","","","","","","CLI","","","","ENTFELLOW3","","","","","","","","","","","","","","","","","RLC","","PRE","","","","","","","","","","","",""]
    Field index 7 + offset 0: "GKHONG^Khong^^Grace"
    Component index 2: "Khong"
  Final value: "Khong"
Extracting PRD.2.2 for mapping to firstName
  Segment PRD not found.
  Final value: ""
Extracting PRD.2.3 for mapping to lastName
  Segment PRD not found.
  Final value: ""
Extracting PID.5.1 for mapping to patientName
  Found segment: ["PID","1","","AH1234567^^^^MR^RLC~123 456 7891^^^NHS^NH^RLC~^^^^PI^RLC~","","Surname^First Name^^^^^L","","20250101","F","","","TigersHospital^^Auchtenlectalbert^^5AB 2JF^^P","","07777777777~","","","","","V00007605635","123 456 7891","","","","","","","","","","","","","","","","","","","",""]
    Field index 5 + offset 0: "Surname^First Name^^^^^L"
    Component index 1: "Surname"
  Final value: "Surname"
Extracting PID.8 for mapping to patientGender
  Found segment: ["PID","1","","AH1234567^^^^MR^RLC~123 456 7891^^^NHS^NH^RLC~^^^^PI^RLC~","","Surname^First Name^^^^^L","","20250101","F","","","TigersHospital^^Auchtenlectalbert^^5AB 2JF^^P","","07777777777~","","","","","V00007605635","123 456 7891","","","","","","","","","","","","","","","","","","","",""]
    Field index 8 + offset 0: "F"
  Final value: "F"
Extracting SCH.7 for mapping to appointmentTime
  Segment SCH not found.
  Final value: ""
Extracting SCH.25 for mapping to appointmentStatus
  Segment SCH not found.
  Final value: ""
Extracting PID.13 for mapping to patientEmail
  Found segment: ["PID","1","","AH1234567^^^^MR^RLC~123 456 7891^^^NHS^NH^RLC~^^^^PI^RLC~","","Surname^First Name^^^^^L","","20250101","F","","","TigersHospital^^Auchtenlectalbert^^5AB 2JF^^P","","07777777777~","","","","","V00007605635","123 456 7891","","","","","","","","","","","","","","","","","","","",""]
    Field index 13 + offset 0: "07777777777~"
  Final value: "07777777777~"
Extracting ZLY.1 for mapping to patientLyrebirdConsent
  Segment ZLY not found.
  Final value: ""
Extracting ZLY.2 for mapping to sendPatientLetter
  Segment ZLY not found.
  Final value: ""
Extracting NTE.3 for mapping to notepad
  Segment NTE not found.
  Final value: ""
Extracting PID.3.1.1 for mapping to emrRecordId
  Found segment: ["PID","1","","AH1234567^^^^MR^RLC~123 456 7891^^^NHS^NH^RLC~^^^^PI^RLC~","","Surname^First Name^^^^^L","","20250101","F","","","TigersHospital^^Auchtenlectalbert^^5AB 2JF^^P","","07777777777~","","","","","V00007605635","123 456 7891","","","","","","","","","","","","","","","","","","","",""]
    Field index 3 + offset 0: "AH1234567^^^^MR^RLC~123 456 7891^^^NHS^NH^RLC~^^^^PI^RLC~"
    Repetition index 1: "AH1234567^^^^MR^RLC"
    Subcomponent index 1: "AH1234567"
  Final value: "AH1234567"
Extracting SCH.1 for mapping to upcomingOrder
  Segment SCH not found.
  Final value: ""
Extracting SCH.1 for mapping to userId
  Segment SCH not found.
  Final value: ""
Extracting PV1.7.1 for mapping to PV1.7.1
  Found segment: ["PV1","1","P","1.2 ENT","","F","","GKHONG^Khong^^Grace","","ENTFELLOW3","ENT","","","","","","","","CLI","","","","ENTFELLOW3","","","","","","","","","","","","","","","","","RLC","","PRE","","","","","","","","","","","",""]
    Field index 7 + offset 0: "GKHONG^Khong^^Grace"
    Component index 1: "GKHONG"
  Final value: "GKHONG"
Extracting PV1.7.2 for mapping to PV1.7.2
  Found segment: ["PV1","1","P","1.2 ENT","","F","","GKHONG^Khong^^Grace","","ENTFELLOW3","ENT","","","","","","","","CLI","","","","ENTFELLOW3","","","","","","","","","","","","","","","","","RLC","","PRE","","","","","","","","","","","",""]
    Field index 7 + offset 0: "GKHONG^Khong^^Grace"
    Component index 2: "Khong"
  Final value: "Khong"
Extracting PRD.2.2 for mapping to firstName
  Segment PRD not found.
  Final value: ""
Extracting PRD.2.3 for mapping to lastName
  Segment PRD not found.
  Final value: ""
Extracting PID.5.1 for mapping to patientName
  Found segment: ["PID","1","","AH1234567^^^^MR^RLC~123 456 7891^^^NHS^NH^RLC~^^^^PI^RLC~","","Surname^First Name^^^^^L","","20250101","F","","","TigersHospital^^Auchtenlectalbert^^5AB 2JF^^P","","07777777777~","","","","","V00007605635","123 456 7891","","","","","","","","","","","","","","","","","","","",""]
    Field index 5 + offset 0: "Surname^First Name^^^^^L"
    Component index 1: "Surname"
  Final value: "Surname"
Extracting PID.8 for mapping to patientGender
  Found segment: ["PID","1","","AH1234567^^^^MR^RLC~123 456 7891^^^NHS^NH^RLC~^^^^PI^RLC~","","Surname^First Name^^^^^L","","20250101","F","","","TigersHospital^^Auchtenlectalbert^^5AB 2JF^^P","","07777777777~","","","","","V00007605635","123 456 7891","","","","","","","","","","","","","","","","","","","",""]
    Field index 8 + offset 0: "F"
  Final value: "F"
Extracting SCH.7 for mapping to appointmentTime
  Segment SCH not found.
  Final value: ""
Extracting SCH.25 for mapping to appointmentStatus
  Segment SCH not found.
  Final value: ""
Extracting PID.13 for mapping to patientEmail
  Found segment: ["PID","1","","AH1234567^^^^MR^RLC~123 456 7891^^^NHS^NH^RLC~^^^^PI^RLC~","","Surname^First Name^^^^^L","","20250101","F","","","TigersHospital^^Auchtenlectalbert^^5AB 2JF^^P","","07777777777~","","","","","V00007605635","123 456 7891","","","","","","","","","","","","","","","","","","","",""]
    Field index 13 + offset 0: "07777777777~"
  Final value: "07777777777~"
Extracting ZLY.1 for mapping to patientLyrebirdConsent
  Segment ZLY not found.
  Final value: ""
Extracting ZLY.2 for mapping to sendPatientLetter
  Segment ZLY not found.
  Final value: ""
Extracting NTE.3 for mapping to notepad
  Segment NTE not found.
  Final value: ""
Extracting PID.3.1.1 for mapping to emrRecordId
  Found segment: ["PID","1","","AH1234567^^^^MR^RLC~123 456 7891^^^NHS^NH^RLC~^^^^PI^RLC~","","Surname^First Name^^^^^L","","20250101","F","","","TigersHospital^^Auchtenlectalbert^^5AB 2JF^^P","","07777777777~","","","","","V00007605635","123 456 7891","","","","","","","","","","","","","","","","","","","",""]
    Field index 3 + offset 0: "AH1234567^^^^MR^RLC~123 456 7891^^^NHS^NH^RLC~^^^^PI^RLC~"
    Repetition index 1: "AH1234567^^^^MR^RLC"
    Subcomponent index 1: "AH1234567"
  Final value: "AH1234567"
Extracting SCH.1 for mapping to upcomingOrder
  Segment SCH not found.
  Final value: ""
Extracting SCH.1 for mapping to userId
  Segment SCH not found.
  Final value: ""
Extracting PV1.7.1 for mapping to PV1.7.1
  Found segment: ["PV1","1","P","1.2 ENT","","F","","GKHONG^Khong^^Grace","","ENTFELLOW3","ENT","","","","","","","","CLI","","","","ENTFELLOW3","","","","","","","","","","","","","","","","","RLC","","PRE","","","","","","","","","","","",""]
    Field index 7 + offset 0: "GKHONG^Khong^^Grace"
    Component index 1: "GKHONG"
  Final value: "GKHONG"
Extracting PV1.7.2 for mapping to PV1.7.2
  Found segment: ["PV1","1","P","1.2 ENT","","F","","GKHONG^Khong^^Grace","","ENTFELLOW3","ENT","","","","","","","","CLI","","","","ENTFELLOW3","","","","","","","","","","","","","","","","","RLC","","PRE","","","","","","","","","","","",""]
    Field index 7 + offset 0: "GKHONG^Khong^^Grace"
    Component index 2: "Khong"
  Final value: "Khong"
Extracting PRD.2.2 for mapping to firstName
  Segment PRD not found.
  Final value: ""
Extracting PRD.2.3 for mapping to lastName
  Segment PRD not found.
  Final value: ""
